<?xml version="1.0" encoding="UTF-8"?>
<Site BuildName="(empty)"
	BuildStamp="20240711-0518-Experimental"
	Name="spark"
	Generator="ctest-3.16.3"
	CompilerName="/usr/bin/c++"
	CompilerVersion="9.4.0"
	OSName="Linux"
	Hostname="spark"
	OSRelease="5.15.0-60-generic"
	OSVersion="#66~20.04.1-Ubuntu SMP Wed Jan 25 09:41:30 UTC 2023"
	OSPlatform="x86_64"
	Is64Bits="1"
	VendorString="GenuineIntel"
	VendorID="Intel Corporation"
	FamilyID="6"
	ModelID="140"
	ProcessorCacheSize="8192"
	NumberOfLogicalCPU="8"
	NumberOfPhysicalCPU="4"
	TotalVirtualMemory="8195"
	TotalPhysicalMemory="7573"
	LogicalProcessorsPerPhysical="2"
	ProcessorClockFrequency="3796.54"
	>
	<Testing>
		<StartDateTime>Jul 11 13:18 CST</StartDateTime>
		<StartTestTime>1720675084</StartTestTime>
		<TestList/>
		<EndDateTime>Jul 11 13:18 CST</EndDateTime>
		<EndTestTime>1720675084</EndTestTime>
		<ElapsedMinutes>0</ElapsedMinutes>
	</Testing>
</Site>
